#
# A fatal error has been detected by the Java Runtime Environment:
#
#  SIGSEGV (0xb) at pc=0x00000001087383a0, pid=709, tid=18435
#
# JRE version: Java(TM) SE Runtime Environment (7.0_75-b13) (build 1.7.0_75-b13)
# Java VM: Java HotSpot(TM) 64-Bit Server VM (24.75-b04 mixed mode bsd-amd64 compressed oops)
# Problematic frame:
# V  [libjvm.dylib+0x3383a0]  jvmti_IsMethodSynthetic+0xb9
#
# Failed to write core dump. Core dumps have been disabled. To enable core dumping, try "ulimit -c unlimited" before starting Java again
#
# If you would like to submit a bug report, please visit:
#   http://bugreport.sun.com/bugreport/crash.jsp
#

---------------  T H R E A D  ---------------

Current thread (0x00007fee54021800):  JavaThread "JDWP Transport Listener: dt_socket" daemon [_thread_in_vm, id=18435, stack(0x0000000119d9e000,0x0000000119e9e000)]

siginfo:si_signo=SIGSEGV: si_errno=0, si_code=0 (SEGV0), si_addr=0x0000000000000000

Registers:
RAX=0x0000000000000001, RBX=0x0000000119e9da8b, RCX=0x00000000000fc080, RDX=0x0000000119e9da8b
RSP=0x0000000119e9d9f0, RBP=0x0000000119e9da40, RSI=0x00007fee54021800, RDI=0x00007fee5341f2d0
R8 =0x0000000000000000, R9 =0x00007fee53700000, R10=0x0000000000000010, R11=0x00007fee53700000
R12=0x00007fee54021800, R13=0x6000000000000000, R14=0x6000000000000000, R15=0x00007fee5341f2d0
RIP=0x00000001087383a0, EFLAGS=0x0000000000010206, ERR=0x0000000000000000
  TRAPNO=0x000000000000000d

Top of Stack: (sp=0x0000000119e9d9f0)
0x0000000119e9d9f0:   00007fee54021800 0000000000000000
0x0000000119e9da00:   0000000000000000 0000000000000000
0x0000000119e9da10:   00007fee54021800 00007fee54021800
0x0000000119e9da20:   0000000119e9da8b 0000000119e9da90
0x0000000119e9da30:   6000000000000000 0000000000000003
0x0000000119e9da40:   0000000119e9da60 0000000108f841a8
0x0000000119e9da50:   0000000000000001 0000000119e9db08
0x0000000119e9da60:   0000000119e9dad0 0000000108f68fbb
0x0000000119e9da70:   0000000119e9daa0 00007fee53700490
0x0000000119e9da80:   0000000400000032 0000000900e9db08
0x0000000119e9da90:   0000000000000000 0000000000000000
0x0000000119e9daa0:   0000000000000000 0000000119e9dc90
0x0000000119e9dab0:   0000000108f8bdc2 00007fee5511f410
0x0000000119e9dac0:   0000000119e9db08 0000000108f97588
0x0000000119e9dad0:   0000000119e9dae0 0000000108f690b4
0x0000000119e9dae0:   0000000119e9dd00 0000000108f72642
0x0000000119e9daf0:   000004a000000013 00000000000f0200
0x0000000119e9db00:   00007fee551196f0 0000000119e9dbf2
0x0000000119e9db10:   00007fee00000092 0000000119e9db20
0x0000000119e9db20:   00007fee0000009a 0000000119e9db58
0x0000000119e9db30:   0000000000000000 00007f0000000000
0x0000000119e9db40:   000004a00000001c 00007fff0000bf80
0x0000000119e9db50:   0000000119e9db58 ee7f000004000000
0x0000000119e9db60:   1000000098a50055 6573726150746567
0x0000000119e9db70:   736e6f6974704f72 6a4c292818000000
0x0000000119e9db80:   6c6974752f617661 747265706f72502f
0x0000000119e9db90:   000000003b736569 ee7f00000a000000
0x0000000119e9dba0:   09000000d89e1155 666e49746e697270
0x0000000119e9dbb0:   562928030000006f 0900000000000000
0x0000000119e9dbc0:   d09e1155ee7f0000 6e69616d04000000
0x0000000119e9dbd0:   6a4c5b2816000000 676e616c2f617661
0x0000000119e9dbe0:   3b676e697274532f 0000000000005629 

Instructions: (pc=0x00000001087383a0)
0x0000000108738380:   00 00 00 41 f6 87 68 01 00 00 10 75 07 b8 63 00
0x0000000108738390:   00 00 eb 7a 4d 85 f6 75 07 b8 17 00 00 00 eb 6e
0x00000001087383a0:   4d 8b 36 48 b8 fe fe fe fe fe fe fe fe 49 39 c6
0x00000001087383b0:   74 e7 4d 85 f6 74 e2 48 8d 05 e2 5e 4d 00 80 38 

Register to memory mapping:

RAX=0x0000000000000001 is an unknown value
RBX=0x0000000119e9da8b is pointing into the stack for thread: 0x00007fee54021800
RCX=0x00000000000fc080 is an unknown value
RDX=0x0000000119e9da8b is pointing into the stack for thread: 0x00007fee54021800
RSP=0x0000000119e9d9f0 is pointing into the stack for thread: 0x00007fee54021800
RBP=0x0000000119e9da40 is pointing into the stack for thread: 0x00007fee54021800
RSI=0x00007fee54021800 is a thread
RDI=0x00007fee5341f2d0 is an unknown value
R8 =0x0000000000000000 is an unknown value
R9 =0x00007fee53700000 is an unknown value
R10=0x0000000000000010 is an unknown value
R11=0x00007fee53700000 is an unknown value
R12=0x00007fee54021800 is a thread
R13=0x6000000000000000 is an unknown value
R14=0x6000000000000000 is an unknown value
R15=0x00007fee5341f2d0 is an unknown value


Stack: [0x0000000119d9e000,0x0000000119e9e000],  sp=0x0000000119e9d9f0,  free space=1022k
Native frames: (J=compiled Java code, j=interpreted, Vv=VM code, C=native code)
V  [libjvm.dylib+0x3383a0]  jvmti_IsMethodSynthetic+0xb9
C  [libjdwp.dylib+0x201a8]  isMethodSynthetic+0x63
C  [libjdwp.dylib+0x4fbb]  methods1+0x10b
C  [libjdwp.dylib+0x50b4]  methodsWithGeneric+0xe
C  [libjdwp.dylib+0xe642]  debugLoop_run+0x1ce
C  [libjdwp.dylib+0x1f0e2]  attachThread+0x4d
V  [libjvm.dylib+0x378fc2]  JvmtiAgentThread::call_start_function()+0x38
V  [libjvm.dylib+0x4f6cb9]  JavaThread::thread_main_inner()+0x9b
V  [libjvm.dylib+0x4f83c1]  JavaThread::run()+0x1a3
V  [libjvm.dylib+0x421762]  java_start(Thread*)+0x126
C  [libsystem_pthread.dylib+0x3268]  _pthread_body+0x83
C  [libsystem_pthread.dylib+0x31e5]  _pthread_body+0x0
C  [libsystem_pthread.dylib+0x141d]  thread_start+0xd


---------------  P R O C E S S  ---------------

Java Threads: ( => current thread )
  0x00007fee5582e800 JavaThread "Service Thread" daemon [_thread_blocked, id=20995, stack(0x000000011a2ad000,0x000000011a3ad000)]
  0x00007fee55821000 JavaThread "C2 CompilerThread1" daemon [_thread_blocked, id=20483, stack(0x000000011a1aa000,0x000000011a2aa000)]
  0x00007fee56812800 JavaThread "C2 CompilerThread0" daemon [_thread_blocked, id=19971, stack(0x000000011a0a7000,0x000000011a1a7000)]
  0x00007fee56811800 JavaThread "JDWP Command Reader" daemon [_thread_in_native, id=19459, stack(0x0000000119fa4000,0x000000011a0a4000)]
  0x00007fee54020800 JavaThread "JDWP Event Helper Thread" daemon [_thread_blocked, id=18947, stack(0x0000000119ea1000,0x0000000119fa1000)]
=>0x00007fee54021800 JavaThread "JDWP Transport Listener: dt_socket" daemon [_thread_in_vm, id=18435, stack(0x0000000119d9e000,0x0000000119e9e000)]
  0x00007fee54018800 JavaThread "Signal Dispatcher" daemon [_thread_blocked, id=15631, stack(0x0000000119c95000,0x0000000119d95000)]
  0x00007fee5400e800 JavaThread "Finalizer" daemon [_thread_blocked, id=13571, stack(0x0000000118274000,0x0000000118374000)]
  0x00007fee54804000 JavaThread "Reference Handler" daemon [_thread_blocked, id=13059, stack(0x0000000118171000,0x0000000118271000)]
  0x00007fee55802000 JavaThread "main" [_thread_blocked, id=4867, stack(0x0000000108e62000,0x0000000108f62000)]

Other Threads:
  0x00007fee55815800 VMThread [stack: 0x000000011806e000,0x000000011816e000] [id=12547]
  0x00007fee56810800 WatcherThread [stack: 0x000000011a3b0000,0x000000011a4b0000] [id=21507]

VM state:not at safepoint (normal execution)

VM Mutex/Monitor currently owned by a thread: None

Heap
 PSYoungGen      total 76800K, used 5284K [0x00000007aaa80000, 0x00000007b0000000, 0x0000000800000000)
  eden space 66048K, 8% used [0x00000007aaa80000,0x00000007aafa9088,0x00000007aeb00000)
  from space 10752K, 0% used [0x00000007af580000,0x00000007af580000,0x00000007b0000000)
  to   space 10752K, 0% used [0x00000007aeb00000,0x00000007aeb00000,0x00000007af580000)
 ParOldGen       total 174592K, used 0K [0x0000000700000000, 0x000000070aa80000, 0x00000007aaa80000)
  object space 174592K, 0% used [0x0000000700000000,0x0000000700000000,0x000000070aa80000)
 PSPermGen       total 21504K, used 3193K [0x00000006fae00000, 0x00000006fc300000, 0x0000000700000000)
  object space 21504K, 14% used [0x00000006fae00000,0x00000006fb11e6d0,0x00000006fc300000)

Card table byte_map: [0x000000010c06a000,0x000000010c894000] byte_map_base: 0x0000000108893000

Polling page: 0x00000001073ed000

Code Cache  [0x0000000108faa000, 0x000000010921a000, 0x000000010bfaa000)
 total_blobs=181 nmethods=6 adapters=138 free_code_cache=48762Kb largest_free_block=49911936

Compilation events (10 events):
Event: 0.133 Thread 0x00007fee55821000 nmethod 2 0x000000010900e710 code [0x000000010900e860, 0x000000010900ea48]
Event: 0.133 Thread 0x00007fee56812800 nmethod 1 0x000000010900ae90 code [0x000000010900afe0, 0x000000010900b198]
Event: 0.147 Thread 0x00007fee56812800    3             sun.nio.cs.UTF_8$Encoder::encode (361 bytes)
Event: 0.154 Thread 0x00007fee56812800 nmethod 3 0x0000000109008890 code [0x0000000109008a20, 0x0000000109009108]
Event: 0.157 Thread 0x00007fee55821000    4             java.lang.String::indexOf (166 bytes)
Event: 0.159 Thread 0x00007fee56812800    5             java.lang.String::lastIndexOf (52 bytes)
Event: 0.160 Thread 0x00007fee56812800 nmethod 5 0x000000010900ca10 code [0x000000010900cb60, 0x000000010900cd28]
Event: 0.163 Thread 0x00007fee55821000 nmethod 4 0x000000010900c0d0 code [0x000000010900c220, 0x000000010900c758]
Event: 0.165 Thread 0x00007fee56812800    6             java.lang.String::charAt (29 bytes)
Event: 0.166 Thread 0x00007fee56812800 nmethod 6 0x000000010900bd90 code [0x000000010900bee0, 0x000000010900bfd8]

GC Heap History (0 events):
No events

Deoptimization events (0 events):
No events

Internal exceptions (10 events):
Event: 0.162 Thread 0x00007fee55802000 Threw 0x00000007aaea8980 at /HUDSON/workspace/7u-2-build-macosx-x86_64/jdk7u75/1940/hotspot/src/share/vm/prims/jvm.cpp:1281
Event: 0.162 Thread 0x00007fee55802000 Threw 0x00000007aaead1b8 at /HUDSON/workspace/7u-2-build-macosx-x86_64/jdk7u75/1940/hotspot/src/share/vm/prims/jvm.cpp:1281
Event: 0.163 Thread 0x00007fee55802000 Threw 0x00000007aaeb4240 at /HUDSON/workspace/7u-2-build-macosx-x86_64/jdk7u75/1940/hotspot/src/share/vm/prims/jvm.cpp:1281
Event: 0.163 Thread 0x00007fee55802000 Threw 0x00000007aaeba200 at /HUDSON/workspace/7u-2-build-macosx-x86_64/jdk7u75/1940/hotspot/src/share/vm/prims/jvm.cpp:1281
Event: 0.164 Thread 0x00007fee55802000 Threw 0x00000007aaebfe88 at /HUDSON/workspace/7u-2-build-macosx-x86_64/jdk7u75/1940/hotspot/src/share/vm/prims/jvm.cpp:1281
Event: 0.165 Thread 0x00007fee55802000 Threw 0x00000007aaec5f30 at /HUDSON/workspace/7u-2-build-macosx-x86_64/jdk7u75/1940/hotspot/src/share/vm/prims/jvm.cpp:1281
Event: 0.165 Thread 0x00007fee55802000 Threw 0x00000007aaecbbc8 at /HUDSON/workspace/7u-2-build-macosx-x86_64/jdk7u75/1940/hotspot/src/share/vm/prims/jvm.cpp:1281
Event: 0.166 Thread 0x00007fee55802000 Threw 0x00000007aaed15d8 at /HUDSON/workspace/7u-2-build-macosx-x86_64/jdk7u75/1940/hotspot/src/share/vm/prims/jvm.cpp:1281
Event: 0.166 Thread 0x00007fee55802000 Threw 0x00000007aaed6f20 at /HUDSON/workspace/7u-2-build-macosx-x86_64/jdk7u75/1940/hotspot/src/share/vm/prims/jvm.cpp:1281
Event: 0.170 Thread 0x00007fee55802000 Threw 0x00000007aaed9f38 at /HUDSON/workspace/7u-2-build-macosx-x86_64/jdk7u75/1940/hotspot/src/share/vm/prims/jvm.cpp:1281

Events (10 events):
Event: 1675.284 Executing VM operation: GetCurrentLocation
Event: 1675.284 Executing VM operation: GetCurrentLocation done
Event: 1675.285 Executing VM operation: EnterInterpOnlyMode
Event: 1675.285 Executing VM operation: EnterInterpOnlyMode done
Event: 1675.285 Executing VM operation: ChangeSingleStep
Event: 1675.285 Executing VM operation: ChangeSingleStep done
Event: 1675.285 Executing VM operation: ChangeSingleStep
Event: 1675.285 Executing VM operation: ChangeSingleStep done
Event: 1675.287 Executing VM operation: RedefineClasses
Event: 1675.287 Executing VM operation: RedefineClasses done


Dynamic libraries:
0x0000000003379000 	/System/Library/Frameworks/Cocoa.framework/Versions/A/Cocoa
0x0000000003379000 	/System/Library/Frameworks/Security.framework/Versions/A/Security
0x0000000003379000 	/System/Library/Frameworks/ApplicationServices.framework/Versions/A/ApplicationServices
0x0000000003379000 	/usr/lib/libz.1.dylib
0x0000000003379000 	/usr/lib/libSystem.B.dylib
0x0000000003379000 	/usr/lib/libobjc.A.dylib
0x0000000003379000 	/System/Library/Frameworks/CoreFoundation.framework/Versions/A/CoreFoundation
0x0000000003379000 	/System/Library/Frameworks/Foundation.framework/Versions/C/Foundation
0x0000000003379000 	/System/Library/Frameworks/AppKit.framework/Versions/C/AppKit
0x0000000003379000 	/System/Library/Frameworks/CoreData.framework/Versions/A/CoreData
0x0000000003379000 	/System/Library/PrivateFrameworks/RemoteViewServices.framework/Versions/A/RemoteViewServices
0x0000000003379000 	/System/Library/PrivateFrameworks/UIFoundation.framework/Versions/A/UIFoundation
0x0000000003379000 	/System/Library/Frameworks/IOSurface.framework/Versions/A/IOSurface
0x0000000003379000 	/System/Library/Frameworks/AudioToolbox.framework/Versions/A/AudioToolbox
0x0000000003379000 	/System/Library/Frameworks/AudioUnit.framework/Versions/A/AudioUnit
0x0000000003379000 	/System/Library/PrivateFrameworks/DataDetectorsCore.framework/Versions/A/DataDetectorsCore
0x0000000003379000 	/System/Library/PrivateFrameworks/DesktopServicesPriv.framework/Versions/A/DesktopServicesPriv
0x0000000003379000 	/System/Library/Frameworks/Carbon.framework/Versions/A/Frameworks/HIToolbox.framework/Versions/A/HIToolbox
0x0000000003379000 	/System/Library/Frameworks/QuartzCore.framework/Versions/A/QuartzCore
0x0000000003379000 	/System/Library/Frameworks/Carbon.framework/Versions/A/Frameworks/SpeechRecognition.framework/Versions/A/SpeechRecognition
0x0000000003379000 	/usr/lib/libauto.dylib
0x0000000003379000 	/usr/lib/libicucore.A.dylib
0x0000000003379000 	/usr/lib/libxml2.2.dylib
0x0000000003379000 	/System/Library/PrivateFrameworks/CoreUI.framework/Versions/A/CoreUI
0x0000000003379000 	/System/Library/Frameworks/CoreAudio.framework/Versions/A/CoreAudio
0x0000000003379000 	/System/Library/Frameworks/DiskArbitration.framework/Versions/A/DiskArbitration
0x0000000003379000 	/usr/lib/liblangid.dylib
0x0000000003379000 	/System/Library/PrivateFrameworks/MultitouchSupport.framework/Versions/A/MultitouchSupport
0x0000000003379000 	/System/Library/Frameworks/IOKit.framework/Versions/A/IOKit
0x0000000003379000 	/usr/lib/libDiagnosticMessagesClient.dylib
0x0000000003379000 	/System/Library/Frameworks/CoreServices.framework/Versions/A/CoreServices
0x0000000003379000 	/System/Library/PrivateFrameworks/PerformanceAnalysis.framework/Versions/A/PerformanceAnalysis
0x0000000003379000 	/System/Library/PrivateFrameworks/GenerationalStorage.framework/Versions/A/GenerationalStorage
0x0000000003379000 	/System/Library/Frameworks/OpenGL.framework/Versions/A/OpenGL
0x0000000003379000 	/System/Library/PrivateFrameworks/Sharing.framework/Versions/A/Sharing
0x0000000003379000 	/System/Library/Frameworks/CoreGraphics.framework/Versions/A/CoreGraphics
0x0000000003379000 	/System/Library/Frameworks/CoreText.framework/Versions/A/CoreText
0x0000000003379000 	/System/Library/Frameworks/ImageIO.framework/Versions/A/ImageIO
0x0000000003379000 	/usr/lib/libextension.dylib
0x0000000003379000 	/System/Library/PrivateFrameworks/Backup.framework/Versions/A/Backup
0x0000000003379000 	/usr/lib/libarchive.2.dylib
0x0000000003379000 	/System/Library/Frameworks/CFNetwork.framework/Versions/A/CFNetwork
0x0000000003379000 	/System/Library/Frameworks/SystemConfiguration.framework/Versions/A/SystemConfiguration
0x0000000003379000 	/usr/lib/libCRFSuite.dylib
0x0000000003379000 	/usr/lib/libc++.1.dylib
0x0000000003379000 	/usr/lib/libc++abi.dylib
0x0000000003379000 	/usr/lib/system/libcache.dylib
0x0000000003379000 	/usr/lib/system/libcommonCrypto.dylib
0x0000000003379000 	/usr/lib/system/libcompiler_rt.dylib
0x0000000003379000 	/usr/lib/system/libcopyfile.dylib
0x0000000003379000 	/usr/lib/system/libcorecrypto.dylib
0x0000000003379000 	/usr/lib/system/libdispatch.dylib
0x0000000003379000 	/usr/lib/system/libdyld.dylib
0x0000000003379000 	/usr/lib/system/libkeymgr.dylib
0x0000000003379000 	/usr/lib/system/liblaunch.dylib
0x0000000003379000 	/usr/lib/system/libmacho.dylib
0x0000000003379000 	/usr/lib/system/libquarantine.dylib
0x0000000003379000 	/usr/lib/system/libremovefile.dylib
0x0000000003379000 	/usr/lib/system/libsystem_asl.dylib
0x0000000003379000 	/usr/lib/system/libsystem_blocks.dylib
0x0000000003379000 	/usr/lib/system/libsystem_c.dylib
0x0000000003379000 	/usr/lib/system/libsystem_configuration.dylib
0x0000000003379000 	/usr/lib/system/libsystem_coreservices.dylib
0x0000000003379000 	/usr/lib/system/libsystem_coretls.dylib
0x0000000003379000 	/usr/lib/system/libsystem_dnssd.dylib
0x0000000003379000 	/usr/lib/system/libsystem_info.dylib
0x0000000003379000 	/usr/lib/system/libsystem_kernel.dylib
0x0000000003379000 	/usr/lib/system/libsystem_m.dylib
0x0000000003379000 	/usr/lib/system/libsystem_malloc.dylib
0x0000000003379000 	/usr/lib/system/libsystem_network.dylib
0x0000000003379000 	/usr/lib/system/libsystem_networkextension.dylib
0x0000000003379000 	/usr/lib/system/libsystem_notify.dylib
0x0000000003379000 	/usr/lib/system/libsystem_platform.dylib
0x0000000003379000 	/usr/lib/system/libsystem_pthread.dylib
0x0000000003379000 	/usr/lib/system/libsystem_sandbox.dylib
0x0000000003379000 	/usr/lib/system/libsystem_secinit.dylib
0x0000000003379000 	/usr/lib/system/libsystem_stats.dylib
0x0000000003379000 	/usr/lib/system/libsystem_trace.dylib
0x0000000003379000 	/usr/lib/system/libunc.dylib
0x0000000003379000 	/usr/lib/system/libunwind.dylib
0x0000000003379000 	/usr/lib/system/libxpc.dylib
0x0000000003379000 	/usr/lib/libbz2.1.0.dylib
0x0000000003379000 	/usr/lib/liblzma.5.dylib
0x0000000003379000 	/usr/lib/libbsm.0.dylib
0x0000000003379000 	/usr/lib/libsqlite3.dylib
0x0000000003379000 	/usr/lib/system/libkxld.dylib
0x0000000003379000 	/usr/lib/libxar.1.dylib
0x0000000003379000 	/usr/lib/libpam.2.dylib
0x0000000003379000 	/usr/lib/libOpenScriptingUtil.dylib
0x0000000003379000 	/System/Library/Frameworks/CoreServices.framework/Versions/A/Frameworks/FSEvents.framework/Versions/A/FSEvents
0x0000000003379000 	/System/Library/Frameworks/CoreServices.framework/Versions/A/Frameworks/CarbonCore.framework/Versions/A/CarbonCore
0x0000000003379000 	/System/Library/Frameworks/CoreServices.framework/Versions/A/Frameworks/Metadata.framework/Versions/A/Metadata
0x0000000003379000 	/System/Library/Frameworks/CoreServices.framework/Versions/A/Frameworks/OSServices.framework/Versions/A/OSServices
0x0000000003379000 	/System/Library/Frameworks/CoreServices.framework/Versions/A/Frameworks/SearchKit.framework/Versions/A/SearchKit
0x0000000003379000 	/System/Library/Frameworks/CoreServices.framework/Versions/A/Frameworks/AE.framework/Versions/A/AE
0x0000000003379000 	/System/Library/Frameworks/CoreServices.framework/Versions/A/Frameworks/LaunchServices.framework/Versions/A/LaunchServices
0x0000000003379000 	/System/Library/Frameworks/CoreServices.framework/Versions/A/Frameworks/DictionaryServices.framework/Versions/A/DictionaryServices
0x0000000003379000 	/System/Library/Frameworks/NetFS.framework/Versions/A/NetFS
0x0000000003379000 	/System/Library/PrivateFrameworks/NetAuth.framework/Versions/A/NetAuth
0x0000000003379000 	/System/Library/PrivateFrameworks/login.framework/Versions/A/Frameworks/loginsupport.framework/Versions/A/loginsupport
0x0000000003379000 	/System/Library/PrivateFrameworks/TCC.framework/Versions/A/TCC
0x0000000003379000 	/usr/lib/libmecabra.dylib
0x0000000003379000 	/System/Library/Frameworks/ApplicationServices.framework/Versions/A/Frameworks/ATS.framework/Versions/A/ATS
0x0000000003379000 	/System/Library/Frameworks/ApplicationServices.framework/Versions/A/Frameworks/ColorSync.framework/Versions/A/ColorSync
0x0000000003379000 	/System/Library/Frameworks/ApplicationServices.framework/Versions/A/Frameworks/HIServices.framework/Versions/A/HIServices
0x0000000003379000 	/System/Library/Frameworks/ApplicationServices.framework/Versions/A/Frameworks/LangAnalysis.framework/Versions/A/LangAnalysis
0x0000000003379000 	/System/Library/Frameworks/ApplicationServices.framework/Versions/A/Frameworks/PrintCore.framework/Versions/A/PrintCore
0x0000000003379000 	/System/Library/Frameworks/ApplicationServices.framework/Versions/A/Frameworks/QD.framework/Versions/A/QD
0x0000000003379000 	/System/Library/Frameworks/ApplicationServices.framework/Versions/A/Frameworks/SpeechSynthesis.framework/Versions/A/SpeechSynthesis
0x0000000003379000 	/System/Library/Frameworks/Accelerate.framework/Versions/A/Accelerate
0x0000000003379000 	/System/Library/Frameworks/Accelerate.framework/Versions/A/Frameworks/vImage.framework/Versions/A/vImage
0x0000000003379000 	/System/Library/Frameworks/Accelerate.framework/Versions/A/Frameworks/vecLib.framework/Versions/A/vecLib
0x0000000003379000 	/System/Library/Frameworks/Accelerate.framework/Versions/A/Frameworks/vecLib.framework/Versions/A/libvDSP.dylib
0x0000000003379000 	/System/Library/Frameworks/Accelerate.framework/Versions/A/Frameworks/vecLib.framework/Versions/A/libvMisc.dylib
0x0000000003379000 	/System/Library/Frameworks/Accelerate.framework/Versions/A/Frameworks/vecLib.framework/Versions/A/libLAPACK.dylib
0x0000000003379000 	/System/Library/Frameworks/Accelerate.framework/Versions/A/Frameworks/vecLib.framework/Versions/A/libBLAS.dylib
0x0000000003379000 	/System/Library/Frameworks/Accelerate.framework/Versions/A/Frameworks/vecLib.framework/Versions/A/libLinearAlgebra.dylib
0x0000000003379000 	/System/Library/Frameworks/ApplicationServices.framework/Versions/A/Frameworks/ATS.framework/Versions/A/Resources/libFontParser.dylib
0x0000000003379000 	/System/Library/Frameworks/ApplicationServices.framework/Versions/A/Frameworks/ATS.framework/Versions/A/Resources/libFontRegistry.dylib
0x0000000003379000 	/System/Library/PrivateFrameworks/AppleVPA.framework/Versions/A/AppleVPA
0x0000000003379000 	/System/Library/PrivateFrameworks/AppleJPEG.framework/Versions/A/AppleJPEG
0x0000000003379000 	/System/Library/Frameworks/ImageIO.framework/Versions/A/Resources/libJPEG.dylib
0x0000000003379000 	/System/Library/Frameworks/ImageIO.framework/Versions/A/Resources/libTIFF.dylib
0x0000000003379000 	/System/Library/Frameworks/ImageIO.framework/Versions/A/Resources/libPng.dylib
0x0000000003379000 	/System/Library/Frameworks/ImageIO.framework/Versions/A/Resources/libGIF.dylib
0x0000000003379000 	/System/Library/Frameworks/ImageIO.framework/Versions/A/Resources/libJP2.dylib
0x0000000003379000 	/System/Library/Frameworks/ImageIO.framework/Versions/A/Resources/libRadiance.dylib
0x0000000003379000 	/System/Library/Frameworks/CoreVideo.framework/Versions/A/CoreVideo
0x0000000003379000 	/System/Library/Frameworks/OpenGL.framework/Versions/A/Libraries/libGLU.dylib
0x0000000003379000 	/System/Library/Frameworks/OpenGL.framework/Versions/A/Libraries/libGFXShared.dylib
0x0000000003379000 	/System/Library/Frameworks/OpenGL.framework/Versions/A/Libraries/libGL.dylib
0x0000000003379000 	/System/Library/Frameworks/OpenGL.framework/Versions/A/Libraries/libGLImage.dylib
0x0000000003379000 	/System/Library/Frameworks/OpenGL.framework/Versions/A/Libraries/libCVMSPluginSupport.dylib
0x0000000003379000 	/System/Library/Frameworks/OpenGL.framework/Versions/A/Libraries/libCoreVMClient.dylib
0x0000000003379000 	/usr/lib/libcups.2.dylib
0x0000000003379000 	/System/Library/Frameworks/Kerberos.framework/Versions/A/Kerberos
0x0000000003379000 	/System/Library/Frameworks/GSS.framework/Versions/A/GSS
0x0000000003379000 	/usr/lib/libresolv.9.dylib
0x0000000003379000 	/usr/lib/libiconv.2.dylib
0x0000000003379000 	/System/Library/PrivateFrameworks/Heimdal.framework/Versions/A/Heimdal
0x0000000003379000 	/usr/lib/libheimdal-asn1.dylib
0x0000000003379000 	/System/Library/Frameworks/OpenDirectory.framework/Versions/A/OpenDirectory
0x0000000003379000 	/System/Library/PrivateFrameworks/CommonAuth.framework/Versions/A/CommonAuth
0x0000000003379000 	/System/Library/Frameworks/OpenDirectory.framework/Versions/A/Frameworks/CFOpenDirectory.framework/Versions/A/CFOpenDirectory
0x0000000003379000 	/System/Library/Frameworks/SecurityFoundation.framework/Versions/A/SecurityFoundation
0x0000000003379000 	/System/Library/PrivateFrameworks/LanguageModeling.framework/Versions/A/LanguageModeling
0x0000000003379000 	/usr/lib/libcmph.dylib
0x0000000003379000 	/System/Library/Frameworks/ServiceManagement.framework/Versions/A/ServiceManagement
0x0000000003379000 	/usr/lib/libxslt.1.dylib
0x0000000003379000 	/System/Library/Frameworks/Carbon.framework/Versions/A/Frameworks/Ink.framework/Versions/A/Ink
0x0000000003379000 	/System/Library/Frameworks/QuartzCore.framework/Versions/A/Frameworks/CoreImage.framework/Versions/A/CoreImage
0x0000000003379000 	/System/Library/PrivateFrameworks/CrashReporterSupport.framework/Versions/A/CrashReporterSupport
0x0000000003379000 	/System/Library/Frameworks/OpenCL.framework/Versions/A/OpenCL
0x0000000003379000 	/System/Library/PrivateFrameworks/FaceCore.framework/Versions/A/FaceCore
0x0000000003379000 	/System/Library/PrivateFrameworks/Ubiquity.framework/Versions/A/Ubiquity
0x0000000003379000 	/System/Library/PrivateFrameworks/IconServices.framework/Versions/A/IconServices
0x0000000003379000 	/System/Library/PrivateFrameworks/ChunkingLibrary.framework/Versions/A/ChunkingLibrary
0x0000000003379000 	/System/Library/PrivateFrameworks/Apple80211.framework/Versions/A/Apple80211
0x0000000003379000 	/System/Library/Frameworks/CoreWLAN.framework/Versions/A/CoreWLAN
0x0000000003379000 	/System/Library/Frameworks/IOBluetooth.framework/Versions/A/IOBluetooth
0x0000000003379000 	/System/Library/PrivateFrameworks/CoreWiFi.framework/Versions/A/CoreWiFi
0x0000000003379000 	/System/Library/Frameworks/CoreBluetooth.framework/Versions/A/CoreBluetooth
0x0000000003379000 	/System/Library/PrivateFrameworks/DebugSymbols.framework/Versions/A/DebugSymbols
0x0000000003379000 	/System/Library/PrivateFrameworks/CoreSymbolication.framework/Versions/A/CoreSymbolication
0x0000000003379000 	/System/Library/PrivateFrameworks/Symbolication.framework/Versions/A/Symbolication
0x0000000003379000 	/System/Library/PrivateFrameworks/SpeechRecognitionCore.framework/Versions/A/SpeechRecognitionCore
0x0000000108400000 	/Library/Java/JavaVirtualMachines/jdk1.7.0_75.jdk/Contents/Home/jre/lib/server/libjvm.dylib
0x0000000003379000 	/usr/lib/libstdc++.6.dylib
0x00000001073b0000 	/Library/Java/JavaVirtualMachines/jdk1.7.0_75.jdk/Contents/Home/jre/lib/libverify.dylib
0x00000001073bd000 	/Library/Java/JavaVirtualMachines/jdk1.7.0_75.jdk/Contents/Home/jre/lib/libjava.dylib
0x0000000108f64000 	/Library/Java/JavaVirtualMachines/jdk1.7.0_75.jdk/Contents/Home/jre/lib/libjdwp.dylib
0x00000001073ee000 	/Library/Java/JavaVirtualMachines/jdk1.7.0_75.jdk/Contents/Home/jre/lib/libnpt.dylib
0x0000000108fa1000 	/Library/Java/JavaVirtualMachines/jdk1.7.0_75.jdk/Contents/Home/jre/lib/libzip.dylib
0x0000000118376000 	/System/Library/Frameworks/JavaVM.framework/Frameworks/JavaRuntimeSupport.framework/JavaRuntimeSupport
0x000000011838e000 	/System/Library/Frameworks/JavaVM.framework/Versions/A/Frameworks/JavaNativeFoundation.framework/Versions/A/JavaNativeFoundation
0x00000001183a3000 	/System/Library/Frameworks/JavaVM.framework/Versions/A/JavaVM
0x0000000003379000 	/System/Library/Frameworks/Carbon.framework/Versions/A/Carbon
0x00000001183b0000 	/System/Library/PrivateFrameworks/JavaLaunching.framework/Versions/A/JavaLaunching
0x0000000003379000 	/System/Library/Frameworks/Carbon.framework/Versions/A/Frameworks/CommonPanels.framework/Versions/A/CommonPanels
0x0000000003379000 	/System/Library/Frameworks/Carbon.framework/Versions/A/Frameworks/Help.framework/Versions/A/Help
0x0000000003379000 	/System/Library/Frameworks/Carbon.framework/Versions/A/Frameworks/ImageCapture.framework/Versions/A/ImageCapture
0x0000000003379000 	/System/Library/Frameworks/Carbon.framework/Versions/A/Frameworks/OpenScripting.framework/Versions/A/OpenScripting
0x0000000003379000 	/System/Library/Frameworks/Carbon.framework/Versions/A/Frameworks/Print.framework/Versions/A/Print
0x0000000003379000 	/System/Library/Frameworks/Carbon.framework/Versions/A/Frameworks/SecurityHI.framework/Versions/A/SecurityHI
0x0000000119d97000 	/Library/Java/JavaVirtualMachines/jdk1.7.0_75.jdk/Contents/Home/jre/lib/libdt_socket.dylib

VM Arguments:
jvm_args: -agentlib:jdwp=transport=dt_socket,suspend=y,address=localhost:56283 -Dfile.encoding=UTF-8 
java_command: graphplanner.GraphPlanner logistics.pddl pb1.pddl
Launcher Type: SUN_STANDARD

Environment Variables:
PATH=/usr/bin:/bin:/usr/sbin:/sbin
SHELL=/bin/bash

Signal Handlers:
SIGSEGV: [libjvm.dylib+0x52d20d], sa_mask[0]=0xfffefeff, sa_flags=0x00000043
SIGBUS: [libjvm.dylib+0x52d20d], sa_mask[0]=0xfffefeff, sa_flags=0x00000042
SIGFPE: [libjvm.dylib+0x41ee7a], sa_mask[0]=0xfffefeff, sa_flags=0x00000042
SIGPIPE: [libjvm.dylib+0x41ee7a], sa_mask[0]=0xfffefeff, sa_flags=0x00000042
SIGXFSZ: [libjvm.dylib+0x41ee7a], sa_mask[0]=0xfffefeff, sa_flags=0x00000042
SIGILL: [libjvm.dylib+0x41ee7a], sa_mask[0]=0xfffefeff, sa_flags=0x00000042
SIGUSR1: SIG_DFL, sa_mask[0]=0x00000000, sa_flags=0x00000000
SIGUSR2: [libjvm.dylib+0x41e96c], sa_mask[0]=0x00000004, sa_flags=0x00000042
SIGHUP: [libjvm.dylib+0x41cbfd], sa_mask[0]=0xfffefeff, sa_flags=0x00000042
SIGINT: [libjvm.dylib+0x41cbfd], sa_mask[0]=0xfffefeff, sa_flags=0x00000042
SIGTERM: [libjvm.dylib+0x41cbfd], sa_mask[0]=0xfffefeff, sa_flags=0x00000042
SIGQUIT: [libjvm.dylib+0x41cbfd], sa_mask[0]=0xfffefeff, sa_flags=0x00000042


---------------  S Y S T E M  ---------------

OS:Bsduname:Darwin 14.3.0 Darwin Kernel Version 14.3.0: Mon Mar 23 11:59:05 PDT 2015; root:xnu-2782.20.48~5/RELEASE_X86_64 x86_64
rlimit: STACK 8192k, CORE 0k, NPROC 709, NOFILE 10240, AS infinity
load average:2.24 2.62 2.50

CPU:total 8 (4 cores per cpu, 2 threads per core) family 6 model 70 stepping 1, cmov, cx8, fxsr, mmx, sse, sse2, sse3, ssse3, sse4.1, sse4.2, popcnt, avx, avx2, aes, erms, ht, tsc, tscinvbit

Memory: 4k page, physical 16777216k(4194304k free)

/proc/meminfo:


vm_info: Java HotSpot(TM) 64-Bit Server VM (24.75-b04) for bsd-amd64 JRE (1.7.0_75-b13), built on Dec 18 2014 21:48:12 by "java_re" with gcc 4.2.1 (Based on Apple Inc. build 5658) (LLVM build 2336.11.00)

time: Tue Sep  8 11:14:11 2015
elapsed time: 1675 seconds

